Analysis & Synthesis report for DE1_SoC
Thu Nov 14 17:00:19 2024
Quartus Prime Version 17.0.0 Build 595 04/25/2017 SJ Lite Edition


---------------------
; Table of Contents ;
---------------------
  1. Legal Notice
  2. Analysis & Synthesis Summary
  3. Analysis & Synthesis Settings
  4. Parallel Compilation
  5. Analysis & Synthesis Source Files Read
  6. Analysis & Synthesis Resource Usage Summary
  7. Analysis & Synthesis Resource Utilization by Entity
  8. State Machine - |lab6|game:play|victory:win|PS
  9. Registers Removed During Synthesis
 10. General Register Statistics
 11. Parameter Settings for User Entity Instance: Top-level Entity: |lab6
 12. Parameter Settings for User Entity Instance: game:play|lights:all|normalLight:n1
 13. Parameter Settings for User Entity Instance: game:play|lights:all|normalLight:n2
 14. Parameter Settings for User Entity Instance: game:play|lights:all|normalLight:n3
 15. Parameter Settings for User Entity Instance: game:play|lights:all|normalLight:n4
 16. Parameter Settings for User Entity Instance: game:play|lights:all|centerLight:n5
 17. Parameter Settings for User Entity Instance: game:play|lights:all|normalLight:n6
 18. Parameter Settings for User Entity Instance: game:play|lights:all|normalLight:n7
 19. Parameter Settings for User Entity Instance: game:play|lights:all|normalLight:n8
 20. Parameter Settings for User Entity Instance: game:play|lights:all|normalLight:n9
 21. Parameter Settings for User Entity Instance: game:play|victory:win
 22. Port Connectivity Checks: "game:play|lights:all|normalLight:n9"
 23. Port Connectivity Checks: "game:play|lights:all|normalLight:n1"
 24. Post-Synthesis Netlist Statistics for Top Partition
 25. Elapsed Time Per Partition
 26. Analysis & Synthesis Messages
 27. Analysis & Synthesis Suppressed Messages



----------------
; Legal Notice ;
----------------
Copyright (C) 2017  Intel Corporation. All rights reserved.
Your use of Intel Corporation's design tools, logic functions 
and other software and tools, and its AMPP partner logic 
functions, and any output files from any of the foregoing 
(including device programming or simulation files), and any 
associated documentation or information are expressly subject 
to the terms and conditions of the Intel Program License 
Subscription Agreement, the Intel Quartus Prime License Agreement,
the Intel MegaCore Function License Agreement, or other 
applicable license agreement, including, without limitation, 
that your use is for the sole purpose of programming logic 
devices manufactured by Intel and sold by Intel or its 
authorized distributors.  Please refer to the applicable 
agreement for further details.



+-------------------------------------------------------------------------------+
; Analysis & Synthesis Summary                                                  ;
+---------------------------------+---------------------------------------------+
; Analysis & Synthesis Status     ; Successful - Thu Nov 14 17:00:19 2024       ;
; Quartus Prime Version           ; 17.0.0 Build 595 04/25/2017 SJ Lite Edition ;
; Revision Name                   ; DE1_SoC                                     ;
; Top-level Entity Name           ; lab6                                        ;
; Family                          ; Cyclone V                                   ;
; Logic utilization (in ALMs)     ; N/A                                         ;
; Total registers                 ; 18                                          ;
; Total pins                      ; 67                                          ;
; Total virtual pins              ; 0                                           ;
; Total block memory bits         ; 0                                           ;
; Total DSP Blocks                ; 0                                           ;
; Total HSSI RX PCSs              ; 0                                           ;
; Total HSSI PMA RX Deserializers ; 0                                           ;
; Total HSSI TX PCSs              ; 0                                           ;
; Total HSSI PMA TX Serializers   ; 0                                           ;
; Total PLLs                      ; 0                                           ;
; Total DLLs                      ; 0                                           ;
+---------------------------------+---------------------------------------------+


+---------------------------------------------------------------------------------------------------------------------------+
; Analysis & Synthesis Settings                                                                                             ;
+---------------------------------------------------------------------------------+--------------------+--------------------+
; Option                                                                          ; Setting            ; Default Value      ;
+---------------------------------------------------------------------------------+--------------------+--------------------+
; Device                                                                          ; 5CSEMA5F31C6       ;                    ;
; Top-level entity name                                                           ; lab6               ; DE1_SoC            ;
; Family name                                                                     ; Cyclone V          ; Cyclone V          ;
; State Machine Processing                                                        ; User-Encoded       ; Auto               ;
; Use smart compilation                                                           ; Off                ; Off                ;
; Enable parallel Assembler and TimeQuest Timing Analyzer during compilation      ; On                 ; On                 ;
; Enable compact report table                                                     ; Off                ; Off                ;
; Restructure Multiplexers                                                        ; Auto               ; Auto               ;
; MLAB Add Timing Constraints For Mixed-Port Feed-Through Mode Setting Don't Care ; Off                ; Off                ;
; Create Debugging Nodes for IP Cores                                             ; Off                ; Off                ;
; Preserve fewer node names                                                       ; On                 ; On                 ;
; OpenCore Plus hardware evaluation                                               ; Enable             ; Enable             ;
; Verilog Version                                                                 ; Verilog_2001       ; Verilog_2001       ;
; VHDL Version                                                                    ; VHDL_1993          ; VHDL_1993          ;
; Safe State Machine                                                              ; Off                ; Off                ;
; Extract Verilog State Machines                                                  ; On                 ; On                 ;
; Extract VHDL State Machines                                                     ; On                 ; On                 ;
; Ignore Verilog initial constructs                                               ; Off                ; Off                ;
; Iteration limit for constant Verilog loops                                      ; 5000               ; 5000               ;
; Iteration limit for non-constant Verilog loops                                  ; 250                ; 250                ;
; Add Pass-Through Logic to Inferred RAMs                                         ; On                 ; On                 ;
; Infer RAMs from Raw Logic                                                       ; On                 ; On                 ;
; Parallel Synthesis                                                              ; On                 ; On                 ;
; DSP Block Balancing                                                             ; Auto               ; Auto               ;
; NOT Gate Push-Back                                                              ; On                 ; On                 ;
; Power-Up Don't Care                                                             ; On                 ; On                 ;
; Remove Redundant Logic Cells                                                    ; Off                ; Off                ;
; Remove Duplicate Registers                                                      ; On                 ; On                 ;
; Ignore CARRY Buffers                                                            ; Off                ; Off                ;
; Ignore CASCADE Buffers                                                          ; Off                ; Off                ;
; Ignore GLOBAL Buffers                                                           ; Off                ; Off                ;
; Ignore ROW GLOBAL Buffers                                                       ; Off                ; Off                ;
; Ignore LCELL Buffers                                                            ; Off                ; Off                ;
; Ignore SOFT Buffers                                                             ; On                 ; On                 ;
; Limit AHDL Integers to 32 Bits                                                  ; Off                ; Off                ;
; Optimization Technique                                                          ; Balanced           ; Balanced           ;
; Carry Chain Length                                                              ; 70                 ; 70                 ;
; Auto Carry Chains                                                               ; On                 ; On                 ;
; Auto Open-Drain Pins                                                            ; On                 ; On                 ;
; Perform WYSIWYG Primitive Resynthesis                                           ; Off                ; Off                ;
; Auto ROM Replacement                                                            ; On                 ; On                 ;
; Auto RAM Replacement                                                            ; On                 ; On                 ;
; Auto DSP Block Replacement                                                      ; On                 ; On                 ;
; Auto Shift Register Replacement                                                 ; Auto               ; Auto               ;
; Allow Shift Register Merging across Hierarchies                                 ; Auto               ; Auto               ;
; Auto Clock Enable Replacement                                                   ; On                 ; On                 ;
; Strict RAM Replacement                                                          ; Off                ; Off                ;
; Allow Synchronous Control Signals                                               ; On                 ; On                 ;
; Force Use of Synchronous Clear Signals                                          ; Off                ; Off                ;
; Auto Resource Sharing                                                           ; Off                ; Off                ;
; Allow Any RAM Size For Recognition                                              ; Off                ; Off                ;
; Allow Any ROM Size For Recognition                                              ; Off                ; Off                ;
; Allow Any Shift Register Size For Recognition                                   ; Off                ; Off                ;
; Use LogicLock Constraints during Resource Balancing                             ; On                 ; On                 ;
; Ignore translate_off and synthesis_off directives                               ; Off                ; Off                ;
; Timing-Driven Synthesis                                                         ; On                 ; On                 ;
; Report Parameter Settings                                                       ; On                 ; On                 ;
; Report Source Assignments                                                       ; On                 ; On                 ;
; Report Connectivity Checks                                                      ; On                 ; On                 ;
; Ignore Maximum Fan-Out Assignments                                              ; Off                ; Off                ;
; Synchronization Register Chain Length                                           ; 3                  ; 3                  ;
; PowerPlay Power Optimization During Synthesis                                   ; Normal compilation ; Normal compilation ;
; HDL message level                                                               ; Level2             ; Level2             ;
; Suppress Register Optimization Related Messages                                 ; Off                ; Off                ;
; Number of Removed Registers Reported in Synthesis Report                        ; 5000               ; 5000               ;
; Number of Swept Nodes Reported in Synthesis Report                              ; 5000               ; 5000               ;
; Number of Inverted Registers Reported in Synthesis Report                       ; 100                ; 100                ;
; Clock MUX Protection                                                            ; On                 ; On                 ;
; Auto Gated Clock Conversion                                                     ; Off                ; Off                ;
; Block Design Naming                                                             ; Auto               ; Auto               ;
; SDC constraint protection                                                       ; Off                ; Off                ;
; Synthesis Effort                                                                ; Auto               ; Auto               ;
; Shift Register Replacement - Allow Asynchronous Clear Signal                    ; On                 ; On                 ;
; Pre-Mapping Resynthesis Optimization                                            ; Off                ; Off                ;
; Analysis & Synthesis Message Level                                              ; Medium             ; Medium             ;
; Disable Register Merging Across Hierarchies                                     ; Auto               ; Auto               ;
; Resource Aware Inference For Block RAM                                          ; On                 ; On                 ;
; Automatic Parallel Synthesis                                                    ; On                 ; On                 ;
; Partial Reconfiguration Bitstream ID                                            ; Off                ; Off                ;
+---------------------------------------------------------------------------------+--------------------+--------------------+


+------------------------------------------+
; Parallel Compilation                     ;
+----------------------------+-------------+
; Processors                 ; Number      ;
+----------------------------+-------------+
; Number detected on machine ; 8           ;
; Maximum allowed            ; 4           ;
;                            ;             ;
; Average used               ; 1.00        ;
; Maximum used               ; 4           ;
;                            ;             ;
; Usage by Processor         ; % Time Used ;
;     Processor 1            ; 100.0%      ;
;     Processors 2-4         ;   0.0%      ;
+----------------------------+-------------+


+-----------------------------------------------------------------------------------------------------------------------------------------+
; Analysis & Synthesis Source Files Read                                                                                                  ;
+----------------------------------+-----------------+------------------------------+-------------------------------------------+---------+
; File Name with User-Entered Path ; Used in Netlist ; File Type                    ; File Name with Absolute Path              ; Library ;
+----------------------------------+-----------------+------------------------------+-------------------------------------------+---------+
; centerLight.sv                   ; yes             ; User SystemVerilog HDL File  ; C:/Users/Aadit/quartusPoop/centerLight.sv ;         ;
; input.sv                         ; yes             ; User SystemVerilog HDL File  ; C:/Users/Aadit/quartusPoop/input.sv       ;         ;
; lab6.sv                          ; yes             ; User SystemVerilog HDL File  ; C:/Users/Aadit/quartusPoop/lab6.sv        ;         ;
; lights.sv                        ; yes             ; User SystemVerilog HDL File  ; C:/Users/Aadit/quartusPoop/lights.sv      ;         ;
; normalLight.sv                   ; yes             ; User SystemVerilog HDL File  ; C:/Users/Aadit/quartusPoop/normalLight.sv ;         ;
; pulse.sv                         ; yes             ; User SystemVerilog HDL File  ; C:/Users/Aadit/quartusPoop/pulse.sv       ;         ;
; synch.sv                         ; yes             ; User SystemVerilog HDL File  ; C:/Users/Aadit/quartusPoop/synch.sv       ;         ;
; victory.sv                       ; yes             ; User SystemVerilog HDL File  ; C:/Users/Aadit/quartusPoop/victory.sv     ;         ;
; game.sv                          ; yes             ; User SystemVerilog HDL File  ; C:/Users/Aadit/quartusPoop/game.sv        ;         ;
+----------------------------------+-----------------+------------------------------+-------------------------------------------+---------+


+--------------------------------------------------------------+
; Analysis & Synthesis Resource Usage Summary                  ;
+---------------------------------------------+----------------+
; Resource                                    ; Usage          ;
+---------------------------------------------+----------------+
; Estimate of Logic utilization (ALMs needed) ; 12             ;
;                                             ;                ;
; Combinational ALUT usage for logic          ; 20             ;
;     -- 7 input functions                    ; 0              ;
;     -- 6 input functions                    ; 4              ;
;     -- 5 input functions                    ; 8              ;
;     -- 4 input functions                    ; 0              ;
;     -- <=3 input functions                  ; 8              ;
;                                             ;                ;
; Dedicated logic registers                   ; 18             ;
;                                             ;                ;
; I/O pins                                    ; 67             ;
;                                             ;                ;
; Total DSP Blocks                            ; 0              ;
;                                             ;                ;
; Maximum fan-out node                        ; CLOCK_50~input ;
; Maximum fan-out                             ; 18             ;
; Total fan-out                               ; 209            ;
; Average fan-out                             ; 1.22           ;
+---------------------------------------------+----------------+


+--------------------------------------------------------------------------------------------------------------------------------------------------------------------------------------------------------------+
; Analysis & Synthesis Resource Utilization by Entity                                                                                                                                                          ;
+----------------------------+---------------------+---------------------------+-------------------+------------+------+--------------+-------------------------------------------+-------------+--------------+
; Compilation Hierarchy Node ; Combinational ALUTs ; Dedicated Logic Registers ; Block Memory Bits ; DSP Blocks ; Pins ; Virtual Pins ; Full Hierarchy Name                       ; Entity Name ; Library Name ;
+----------------------------+---------------------+---------------------------+-------------------+------------+------+--------------+-------------------------------------------+-------------+--------------+
; |lab6                      ; 20 (0)              ; 18 (0)                    ; 0                 ; 0          ; 67   ; 0            ; |lab6                                     ; lab6        ; work         ;
;    |game:play|             ; 20 (0)              ; 18 (0)                    ; 0                 ; 0          ; 0    ; 0            ; |lab6|game:play                           ; game        ; work         ;
;       |keys:b1|            ; 4 (0)               ; 3 (0)                     ; 0                 ; 0          ; 0    ; 0            ; |lab6|game:play|keys:b1                   ; keys        ; work         ;
;          |pulse:p|         ; 2 (2)               ; 1 (1)                     ; 0                 ; 0          ; 0    ; 0            ; |lab6|game:play|keys:b1|pulse:p           ; pulse       ; work         ;
;          |synch:s|         ; 2 (2)               ; 2 (2)                     ; 0                 ; 0          ; 0    ; 0            ; |lab6|game:play|keys:b1|synch:s           ; synch       ; work         ;
;       |keys:b2|            ; 4 (0)               ; 3 (0)                     ; 0                 ; 0          ; 0    ; 0            ; |lab6|game:play|keys:b2                   ; keys        ; work         ;
;          |pulse:p|         ; 2 (2)               ; 1 (1)                     ; 0                 ; 0          ; 0    ; 0            ; |lab6|game:play|keys:b2|pulse:p           ; pulse       ; work         ;
;          |synch:s|         ; 2 (2)               ; 2 (2)                     ; 0                 ; 0          ; 0    ; 0            ; |lab6|game:play|keys:b2|synch:s           ; synch       ; work         ;
;       |lights:all|         ; 9 (0)               ; 9 (0)                     ; 0                 ; 0          ; 0    ; 0            ; |lab6|game:play|lights:all                ; lights      ; work         ;
;          |centerLight:n5|  ; 1 (1)               ; 1 (1)                     ; 0                 ; 0          ; 0    ; 0            ; |lab6|game:play|lights:all|centerLight:n5 ; centerLight ; work         ;
;          |normalLight:n1|  ; 1 (1)               ; 1 (1)                     ; 0                 ; 0          ; 0    ; 0            ; |lab6|game:play|lights:all|normalLight:n1 ; normalLight ; work         ;
;          |normalLight:n2|  ; 1 (1)               ; 1 (1)                     ; 0                 ; 0          ; 0    ; 0            ; |lab6|game:play|lights:all|normalLight:n2 ; normalLight ; work         ;
;          |normalLight:n3|  ; 1 (1)               ; 1 (1)                     ; 0                 ; 0          ; 0    ; 0            ; |lab6|game:play|lights:all|normalLight:n3 ; normalLight ; work         ;
;          |normalLight:n4|  ; 1 (1)               ; 1 (1)                     ; 0                 ; 0          ; 0    ; 0            ; |lab6|game:play|lights:all|normalLight:n4 ; normalLight ; work         ;
;          |normalLight:n6|  ; 1 (1)               ; 1 (1)                     ; 0                 ; 0          ; 0    ; 0            ; |lab6|game:play|lights:all|normalLight:n6 ; normalLight ; work         ;
;          |normalLight:n7|  ; 1 (1)               ; 1 (1)                     ; 0                 ; 0          ; 0    ; 0            ; |lab6|game:play|lights:all|normalLight:n7 ; normalLight ; work         ;
;          |normalLight:n8|  ; 1 (1)               ; 1 (1)                     ; 0                 ; 0          ; 0    ; 0            ; |lab6|game:play|lights:all|normalLight:n8 ; normalLight ; work         ;
;          |normalLight:n9|  ; 1 (1)               ; 1 (1)                     ; 0                 ; 0          ; 0    ; 0            ; |lab6|game:play|lights:all|normalLight:n9 ; normalLight ; work         ;
;       |victory:win|        ; 3 (3)               ; 3 (3)                     ; 0                 ; 0          ; 0    ; 0            ; |lab6|game:play|victory:win               ; victory     ; work         ;
+----------------------------+---------------------+---------------------------+-------------------+------------+------+--------------+-------------------------------------------+-------------+--------------+
Note: For table entries with two numbers listed, the numbers in parentheses indicate the number of resources of the given type used by the specific entity alone. The numbers listed outside of parentheses indicate the total resources of the given type used by the specific entity and all of its sub-entities in the hierarchy.


Encoding Type:  User-Encoded
+------------------------------------------------+
; State Machine - |lab6|game:play|victory:win|PS ;
+--------+------+------+-------------------------+
; Name   ; PS~4 ; PS~3 ; PS~2                    ;
+--------+------+------+-------------------------+
; PS.OFF ; 0    ; 0    ; 0                       ;
; PS.P1  ; 1    ; 1    ; 0                       ;
; PS.P2  ; 0    ; 1    ; 1                       ;
+--------+------+------+-------------------------+


+------------------------------------------------------------+
; Registers Removed During Synthesis                         ;
+---------------------------------------+--------------------+
; Register name                         ; Reason for Removal ;
+---------------------------------------+--------------------+
; game:play|victory:win|PS~5            ; Lost fanout        ;
; game:play|victory:win|PS~6            ; Lost fanout        ;
; game:play|victory:win|PS~7            ; Lost fanout        ;
; game:play|victory:win|PS~8            ; Lost fanout        ;
; Total Number of Removed Registers = 4 ;                    ;
+---------------------------------------+--------------------+


+------------------------------------------------------+
; General Register Statistics                          ;
+----------------------------------------------+-------+
; Statistic                                    ; Value ;
+----------------------------------------------+-------+
; Total registers                              ; 18    ;
; Number of registers using Synchronous Clear  ; 10    ;
; Number of registers using Synchronous Load   ; 1     ;
; Number of registers using Asynchronous Clear ; 0     ;
; Number of registers using Asynchronous Load  ; 0     ;
; Number of registers using Clock Enable       ; 0     ;
; Number of registers using Preset             ; 0     ;
+----------------------------------------------+-------+


+----------------------------------------------------------------------+
; Parameter Settings for User Entity Instance: Top-level Entity: |lab6 ;
+----------------+-------+---------------------------------------------+
; Parameter Name ; Value ; Type                                        ;
+----------------+-------+---------------------------------------------+
; whichClock     ; 25    ; Signed Integer                              ;
+----------------+-------+---------------------------------------------+
Note: In order to hide this table in the UI and the text report file, please set the "Show Parameter Settings in Synthesis Report" option in "Analysis and Synthesis Settings -> More Settings" to "Off".


+----------------------------------------------------------------------------------+
; Parameter Settings for User Entity Instance: game:play|lights:all|normalLight:n1 ;
+----------------+-------+---------------------------------------------------------+
; Parameter Name ; Value ; Type                                                    ;
+----------------+-------+---------------------------------------------------------+
; ON             ; 1     ; Unsigned Binary                                         ;
; OFF            ; 0     ; Unsigned Binary                                         ;
+----------------+-------+---------------------------------------------------------+
Note: In order to hide this table in the UI and the text report file, please set the "Show Parameter Settings in Synthesis Report" option in "Analysis and Synthesis Settings -> More Settings" to "Off".


+----------------------------------------------------------------------------------+
; Parameter Settings for User Entity Instance: game:play|lights:all|normalLight:n2 ;
+----------------+-------+---------------------------------------------------------+
; Parameter Name ; Value ; Type                                                    ;
+----------------+-------+---------------------------------------------------------+
; ON             ; 1     ; Unsigned Binary                                         ;
; OFF            ; 0     ; Unsigned Binary                                         ;
+----------------+-------+---------------------------------------------------------+
Note: In order to hide this table in the UI and the text report file, please set the "Show Parameter Settings in Synthesis Report" option in "Analysis and Synthesis Settings -> More Settings" to "Off".


+----------------------------------------------------------------------------------+
; Parameter Settings for User Entity Instance: game:play|lights:all|normalLight:n3 ;
+----------------+-------+---------------------------------------------------------+
; Parameter Name ; Value ; Type                                                    ;
+----------------+-------+---------------------------------------------------------+
; ON             ; 1     ; Unsigned Binary                                         ;
; OFF            ; 0     ; Unsigned Binary                                         ;
+----------------+-------+---------------------------------------------------------+
Note: In order to hide this table in the UI and the text report file, please set the "Show Parameter Settings in Synthesis Report" option in "Analysis and Synthesis Settings -> More Settings" to "Off".


+----------------------------------------------------------------------------------+
; Parameter Settings for User Entity Instance: game:play|lights:all|normalLight:n4 ;
+----------------+-------+---------------------------------------------------------+
; Parameter Name ; Value ; Type                                                    ;
+----------------+-------+---------------------------------------------------------+
; ON             ; 1     ; Unsigned Binary                                         ;
; OFF            ; 0     ; Unsigned Binary                                         ;
+----------------+-------+---------------------------------------------------------+
Note: In order to hide this table in the UI and the text report file, please set the "Show Parameter Settings in Synthesis Report" option in "Analysis and Synthesis Settings -> More Settings" to "Off".


+----------------------------------------------------------------------------------+
; Parameter Settings for User Entity Instance: game:play|lights:all|centerLight:n5 ;
+----------------+-------+---------------------------------------------------------+
; Parameter Name ; Value ; Type                                                    ;
+----------------+-------+---------------------------------------------------------+
; ON             ; 1     ; Unsigned Binary                                         ;
; OFF            ; 0     ; Unsigned Binary                                         ;
+----------------+-------+---------------------------------------------------------+
Note: In order to hide this table in the UI and the text report file, please set the "Show Parameter Settings in Synthesis Report" option in "Analysis and Synthesis Settings -> More Settings" to "Off".


+----------------------------------------------------------------------------------+
; Parameter Settings for User Entity Instance: game:play|lights:all|normalLight:n6 ;
+----------------+-------+---------------------------------------------------------+
; Parameter Name ; Value ; Type                                                    ;
+----------------+-------+---------------------------------------------------------+
; ON             ; 1     ; Unsigned Binary                                         ;
; OFF            ; 0     ; Unsigned Binary                                         ;
+----------------+-------+---------------------------------------------------------+
Note: In order to hide this table in the UI and the text report file, please set the "Show Parameter Settings in Synthesis Report" option in "Analysis and Synthesis Settings -> More Settings" to "Off".


+----------------------------------------------------------------------------------+
; Parameter Settings for User Entity Instance: game:play|lights:all|normalLight:n7 ;
+----------------+-------+---------------------------------------------------------+
; Parameter Name ; Value ; Type                                                    ;
+----------------+-------+---------------------------------------------------------+
; ON             ; 1     ; Unsigned Binary                                         ;
; OFF            ; 0     ; Unsigned Binary                                         ;
+----------------+-------+---------------------------------------------------------+
Note: In order to hide this table in the UI and the text report file, please set the "Show Parameter Settings in Synthesis Report" option in "Analysis and Synthesis Settings -> More Settings" to "Off".


+----------------------------------------------------------------------------------+
; Parameter Settings for User Entity Instance: game:play|lights:all|normalLight:n8 ;
+----------------+-------+---------------------------------------------------------+
; Parameter Name ; Value ; Type                                                    ;
+----------------+-------+---------------------------------------------------------+
; ON             ; 1     ; Unsigned Binary                                         ;
; OFF            ; 0     ; Unsigned Binary                                         ;
+----------------+-------+---------------------------------------------------------+
Note: In order to hide this table in the UI and the text report file, please set the "Show Parameter Settings in Synthesis Report" option in "Analysis and Synthesis Settings -> More Settings" to "Off".


+----------------------------------------------------------------------------------+
; Parameter Settings for User Entity Instance: game:play|lights:all|normalLight:n9 ;
+----------------+-------+---------------------------------------------------------+
; Parameter Name ; Value ; Type                                                    ;
+----------------+-------+---------------------------------------------------------+
; ON             ; 1     ; Unsigned Binary                                         ;
; OFF            ; 0     ; Unsigned Binary                                         ;
+----------------+-------+---------------------------------------------------------+
Note: In order to hide this table in the UI and the text report file, please set the "Show Parameter Settings in Synthesis Report" option in "Analysis and Synthesis Settings -> More Settings" to "Off".


+--------------------------------------------------------------------+
; Parameter Settings for User Entity Instance: game:play|victory:win ;
+----------------+---------+-----------------------------------------+
; Parameter Name ; Value   ; Type                                    ;
+----------------+---------+-----------------------------------------+
; P1             ; 1111001 ; Unsigned Binary                         ;
; P2             ; 0100100 ; Unsigned Binary                         ;
; OFF            ; 1111111 ; Unsigned Binary                         ;
+----------------+---------+-----------------------------------------+
Note: In order to hide this table in the UI and the text report file, please set the "Show Parameter Settings in Synthesis Report" option in "Analysis and Synthesis Settings -> More Settings" to "Off".


+-----------------------------------------------------------------+
; Port Connectivity Checks: "game:play|lights:all|normalLight:n9" ;
+------+-------+----------+---------------------------------------+
; Port ; Type  ; Severity ; Details                               ;
+------+-------+----------+---------------------------------------+
; NL   ; Input ; Info     ; Stuck at GND                          ;
+------+-------+----------+---------------------------------------+


+-----------------------------------------------------------------+
; Port Connectivity Checks: "game:play|lights:all|normalLight:n1" ;
+------+-------+----------+---------------------------------------+
; Port ; Type  ; Severity ; Details                               ;
+------+-------+----------+---------------------------------------+
; NR   ; Input ; Info     ; Stuck at GND                          ;
+------+-------+----------+---------------------------------------+


+-----------------------------------------------------+
; Post-Synthesis Netlist Statistics for Top Partition ;
+-----------------------+-----------------------------+
; Type                  ; Count                       ;
+-----------------------+-----------------------------+
; arriav_ff             ; 18                          ;
;     SCLR              ; 10                          ;
;     SLD               ; 1                           ;
;     plain             ; 7                           ;
; arriav_lcell_comb     ; 25                          ;
;     normal            ; 25                          ;
;         0 data inputs ; 2                           ;
;         1 data inputs ; 3                           ;
;         2 data inputs ; 8                           ;
;         5 data inputs ; 8                           ;
;         6 data inputs ; 4                           ;
; boundary_port         ; 67                          ;
;                       ;                             ;
; Max LUT depth         ; 2.00                        ;
; Average LUT depth     ; 1.26                        ;
+-----------------------+-----------------------------+


+-------------------------------+
; Elapsed Time Per Partition    ;
+----------------+--------------+
; Partition Name ; Elapsed Time ;
+----------------+--------------+
; Top            ; 00:00:00     ;
+----------------+--------------+


+-------------------------------+
; Analysis & Synthesis Messages ;
+-------------------------------+
Info: *******************************************************************
Info: Running Quartus Prime Analysis & Synthesis
    Info: Version 17.0.0 Build 595 04/25/2017 SJ Lite Edition
    Info: Processing started: Thu Nov 14 17:00:07 2024
Info: Command: quartus_map --read_settings_files=on --write_settings_files=off DE1_SoC -c DE1_SoC
Info (20030): Parallel compilation is enabled and will use 4 of the 4 processors detected
Info (12021): Found 1 design units, including 1 entities, in source file centerlight.sv
    Info (12023): Found entity 1: centerLight File: C:/Users/Aadit/quartusPoop/centerLight.sv Line: 1
Info (12021): Found 1 design units, including 1 entities, in source file clock_divider.sv
    Info (12023): Found entity 1: clock_divider File: C:/Users/Aadit/quartusPoop/clock_divider.sv Line: 3
Info (12021): Found 1 design units, including 1 entities, in source file input.sv
    Info (12023): Found entity 1: keys File: C:/Users/Aadit/quartusPoop/input.sv Line: 1
Info (12021): Found 1 design units, including 1 entities, in source file input_tb.sv
    Info (12023): Found entity 1: input_tb File: C:/Users/Aadit/quartusPoop/input_tb.sv Line: 1
Info (12021): Found 1 design units, including 1 entities, in source file lab6.sv
    Info (12023): Found entity 1: lab6 File: C:/Users/Aadit/quartusPoop/lab6.sv Line: 1
Info (12021): Found 1 design units, including 1 entities, in source file lights.sv
    Info (12023): Found entity 1: lights File: C:/Users/Aadit/quartusPoop/lights.sv Line: 1
Info (12021): Found 1 design units, including 1 entities, in source file normallight.sv
    Info (12023): Found entity 1: normalLight File: C:/Users/Aadit/quartusPoop/normalLight.sv Line: 1
Info (12021): Found 1 design units, including 1 entities, in source file pulse.sv
    Info (12023): Found entity 1: pulse File: C:/Users/Aadit/quartusPoop/pulse.sv Line: 1
Info (12021): Found 1 design units, including 1 entities, in source file synch.sv
    Info (12023): Found entity 1: synch File: C:/Users/Aadit/quartusPoop/synch.sv Line: 1
Info (12021): Found 1 design units, including 1 entities, in source file victory.sv
    Info (12023): Found entity 1: victory File: C:/Users/Aadit/quartusPoop/victory.sv Line: 1
Info (12021): Found 1 design units, including 1 entities, in source file game.sv
    Info (12023): Found entity 1: game File: C:/Users/Aadit/quartusPoop/game.sv Line: 1
Info (12021): Found 1 design units, including 1 entities, in source file normallight_tb.sv
    Info (12023): Found entity 1: normalLight_tb File: C:/Users/Aadit/quartusPoop/normalLight_tb.sv Line: 1
Info (12021): Found 1 design units, including 1 entities, in source file centerlight_tb.sv
    Info (12023): Found entity 1: centerLight_tb File: C:/Users/Aadit/quartusPoop/centerLight_tb.sv Line: 1
Info (12021): Found 1 design units, including 1 entities, in source file victory_tb.sv
    Info (12023): Found entity 1: victory_tb File: C:/Users/Aadit/quartusPoop/victory_tb.sv Line: 1
Info (12021): Found 1 design units, including 1 entities, in source file lights_tb.sv
    Info (12023): Found entity 1: lights_tb File: C:/Users/Aadit/quartusPoop/lights_tb.sv Line: 1
Info (12021): Found 1 design units, including 1 entities, in source file game_tb.sv
    Info (12023): Found entity 1: game_tb File: C:/Users/Aadit/quartusPoop/game_tb.sv Line: 1
Info (12127): Elaborating entity "lab6" for the top level hierarchy
Info (12128): Elaborating entity "game" for hierarchy "game:play" File: C:/Users/Aadit/quartusPoop/lab6.sv Line: 17
Info (12128): Elaborating entity "keys" for hierarchy "game:play|keys:b1" File: C:/Users/Aadit/quartusPoop/game.sv Line: 12
Info (12128): Elaborating entity "synch" for hierarchy "game:play|keys:b1|synch:s" File: C:/Users/Aadit/quartusPoop/input.sv Line: 8
Info (12128): Elaborating entity "pulse" for hierarchy "game:play|keys:b1|pulse:p" File: C:/Users/Aadit/quartusPoop/input.sv Line: 9
Info (12128): Elaborating entity "lights" for hierarchy "game:play|lights:all" File: C:/Users/Aadit/quartusPoop/game.sv Line: 15
Info (12128): Elaborating entity "normalLight" for hierarchy "game:play|lights:all|normalLight:n1" File: C:/Users/Aadit/quartusPoop/lights.sv Line: 7
Info (12128): Elaborating entity "centerLight" for hierarchy "game:play|lights:all|centerLight:n5" File: C:/Users/Aadit/quartusPoop/lights.sv Line: 11
Info (12128): Elaborating entity "victory" for hierarchy "game:play|victory:win" File: C:/Users/Aadit/quartusPoop/game.sv Line: 17
Info (286030): Timing-Driven Synthesis is running
Info (17049): 4 registers lost all their fanouts during netlist optimizations.
Info (144001): Generated suppressed messages file C:/Users/Aadit/quartusPoop/output_files/DE1_SoC.map.smsg
Info (16010): Generating hard_block partition "hard_block:auto_generated_inst"
    Info (16011): Adding 0 node(s), including 0 DDIO, 0 PLL, 0 transceiver and 0 LCELL
Info (21057): Implemented 87 device resources after synthesis - the final resource count might be different
    Info (21058): Implemented 15 input pins
    Info (21059): Implemented 52 output pins
    Info (21061): Implemented 20 logic cells
Info: Quartus Prime Analysis & Synthesis was successful. 0 errors, 0 warnings
    Info: Peak virtual memory: 4831 megabytes
    Info: Processing ended: Thu Nov 14 17:00:19 2024
    Info: Elapsed time: 00:00:12
    Info: Total CPU time (on all processors): 00:00:08


+------------------------------------------+
; Analysis & Synthesis Suppressed Messages ;
+------------------------------------------+
The suppressed messages can be found in C:/Users/Aadit/quartusPoop/output_files/DE1_SoC.map.smsg.


